{
  "RSpec": {
    "coverage": {
      "/Users/lucybarber/Documents/Makers/Weekly_challenges/bookmark_manager/spec/bookmark_spec.rb": [
        1,
        null,
        1,
        1,
        null,
        null,
        1,
        1,
        1,
        null,
        1,
        null,
        1,
        1,
        1,
        null,
        null,
        null,
        null,
        1,
        1,
        1,
        null,
        1,
        null,
        null
      ],
      "/Users/lucybarber/Documents/Makers/Weekly_challenges/bookmark_manager/spec/features/bookmarks_spec.rb": [
        1,
        null,
        1,
        null,
        1,
        1,
        null,
        1,
        1,
        1,
        null,
        1,
        1,
        1,
        1,
        null,
        null,
        1,
        1,
        1,
        1,
        null,
        1,
        null,
        null
      ],
      "/Users/lucybarber/Documents/Makers/Weekly_challenges/bookmark_manager/spec/features/homepage_spec.rb": [
        1,
        null,
        1,
        1,
        1,
        null,
        null,
        null
      ]
    },
    "timestamp": 1558518484
  }
}
